Found 26 total video-zone pairs.
Randomly selected 26 video-zone pairs for processing.

Processing /home/adm808/Sabatini_Lab/behavior_samples/20190814/March_D/O2 output/2011-06-09 01-46-40-C.AVI

Processing /home/adm808/Sabatini_Lab/behavior_samples/20201223/Oct_C/2011-07-23 02-10-32-C.AVI

Processing /home/adm808/Sabatini_Lab/behavior_samples/20200207/Nov_ON/2020-02-07 13-05-44-C.AVI

Processing /home/adm808/Sabatini_Lab/behavior_samples/20201215/Sep_2/O2 output/2011-07-15 04-47-57-C.AVI

Processing /home/adm808/Sabatini_Lab/behavior_samples/20190715/March_B/O2 output/2011-05-10 03-22-44-C.AVI

Processing /home/adm808/Sabatini_Lab/behavior_samples/20210514/Mar_3/O2 output/2011-12-11 19-29-08-C.AVI

Processing /home/adm808/Sabatini_Lab/behavior_samples/20210526/Mar_5/O2 output/2011-12-23 17-37-52-C.AVI

Processing /home/adm808/Sabatini_Lab/behavior_samples/20200318/Nov_stripe/O2 output/2012-01-12 00-37-13-C.AVI

Processing /home/adm808/Sabatini_Lab/behavior_samples/20200220/Oct_0/2011-12-15 23-49-35-C.AVI

Processing /home/adm808/Sabatini_Lab/behavior_samples/20210609/Mar_1/O2 output/2012-01-06 22-49-36-C.AVI

Processing /home/adm808/Sabatini_Lab/behavior_samples/20190809/March_C/O2 output/2011-06-04 02-43-58-C.AVI

Processing /home/adm808/Sabatini_Lab/behavior_samples/20190711/Feb_1/O2 output/2019-07-11 15-36-00-C.AVI

Processing /home/adm808/Sabatini_Lab/behavior_samples/20190612/March_A/O2 output/2011-04-07 02-36-18-C.AVI

Processing /home/adm808/Sabatini_Lab/behavior_samples/20200623/Nov_ON/2011-01-20 17-38-50-C.AVI

Processing /home/adm808/Sabatini_Lab/behavior_samples/20210416/Mar_2/2011-11-13 20-14-05-C.AVI

Processing /home/adm808/Sabatini_Lab/behavior_samples/20190524/March_A/2011-03-18 23-59-21-C.AVI

Processing /home/adm808/Sabatini_Lab/behavior_samples/20201008/Jan_1/2011-05-07 20-47-37-C.AVI

Processing /home/adm808/Sabatini_Lab/behavior_samples/20210119/Oct_E/O2 output/2011-08-19 00-07-56-C.AVI

Processing /home/adm808/Sabatini_Lab/behavior_samples/20190802/March_C/2011-05-28 01-52-25-C.AVI

Processing /home/adm808/Sabatini_Lab/behavior_samples/20201221/dLight_3/2011-07-21 04-28-57-C.AVI

Processing /home/adm808/Sabatini_Lab/behavior_samples/20201229/Oct_C/O2 output/2011-07-29 04-17-28-C.AVI

Processing /home/adm808/Sabatini_Lab/behavior_samples/20201015/SC_1/2011-05-15 00-00-52-C.AVI

Processing /home/adm808/Sabatini_Lab/behavior_samples/20191114/April_long/O2 output/2011-09-09 03-36-32-C.AVI

Processing /home/adm808/Sabatini_Lab/behavior_samples/20200820/Jan_1/2011-03-19 21-05-26-C.AVI

Processing /home/adm808/Sabatini_Lab/behavior_samples/20210112/Sep_3/O2 output/2011-08-12 06-27-26-C.AVI

Processing /home/adm808/Sabatini_Lab/behavior_samples/20201215/Sep_3/2011-07-15 06-13-47-C.AVI
